---------------------
Begin Memory State
---------------------
0x00000000: 0x2129000c 0x21080024 0x8d080000 0x11090003 0x214a0010 
0x00000014: 0x23390010 0x218c0010 0x21ad0010 0xfeedfeed 0x0000000c 
0x00000028: 0x00000000 0x00000000 0x00000000 0x00000000 0x00000000 
0x0000003c: 0x00000000 0x00000000 0x00000000 0x00000000 0x00000000 
0x00000050: 0x00000000 0x00000000 0x00000000 0x00000000 0x00000000 
0x00000064: 0x00000000 0x00000000 0x00000000 0x00000000 0x00000000 
0x00000078: 0x00000000 0x00000000 0x00000000 0x00000000 0x00000000 
0x0000008c: 0x00000000 0x00000000 0x00000000 0x00000000 0x00000000 
0x000000a0: 0x00000000 0x00000000 0x00000000 0x00000000 0x00000000 
0x000000b4: 0x00000000 0x00000000 0x00000000 0x00000000 0x00000000 
0x000000c8: 0x00000000 0x00000000 0x00000000 0x00000000 0x00000000 
0x000000dc: 0x00000000 0x00000000 0x00000000 0x00000000 0x00000000 
0x000000f0: 0x00000000 0x00000000 0x00000000 0x00000000 0x00000000 
0x00000104: 0x00000000 0x00000000 0x00000000 0x00000000 0x00000000 
0x00000118: 0x00000000 0x00000000 0x00000000 0x00000000 0x00000000 
0x0000012c: 0x00000000 0x00000000 0x00000000 0x00000000 0x00000000 
0x00000140: 0x00000000 0x00000000 0x00000000 0x00000000 0x00000000 
0x00000154: 0x00000000 0x00000000 0x00000000 0x00000000 0x00000000 
0x00000168: 0x00000000 0x00000000 0x00000000 0x00000000 0x00000000 
0x0000017c: 0x00000000 0x00000000 0x00000000 0x00000000 0x00000000 
0x00000190: 0x00000000 0x00000000 0x00000000 0x00000000 0x00000000 
0x000001a4: 0x00000000 0x00000000 0x00000000 0x00000000 0x00000000 
0x000001b8: 0x00000000 0x00000000 0x00000000 0x00000000 0x00000000 
0x000001cc: 0x00000000 0x00000000 0x00000000 0x00000000 0x00000000 
0x000001e0: 0x00000000 0x00000000 0x00000000 0x00000000 0x00000000 
---------------------
End Memory State
---------------------
