Cycle: 17
-----------------------------------------------------------------------------------------------------------------------------------
| nop                     | nop                     | nop                     | nop                     | HALT                    |
-----------------------------------------------------------------------------------------------------------------------------------
Cycle: 124
-----------------------------------------------------------------------------------------------------------------------------------
| nop                     | nop                     | nop                     | nop                     | HALT                    |
-----------------------------------------------------------------------------------------------------------------------------------
Cycle: 33
-----------------------------------------------------------------------------------------------------------------------------------
| nop                     | nop                     | nop                     | nop                     | HALT                    |
-----------------------------------------------------------------------------------------------------------------------------------
Cycle: 17
-----------------------------------------------------------------------------------------------------------------------------------
| nop                     | nop                     | nop                     | nop                     | HALT                    |
-----------------------------------------------------------------------------------------------------------------------------------
Cycle: 33
-----------------------------------------------------------------------------------------------------------------------------------
| nop                     | nop                     | nop                     | nop                     | HALT                    |
-----------------------------------------------------------------------------------------------------------------------------------
Cycle: 124
-----------------------------------------------------------------------------------------------------------------------------------
| nop                     | nop                     | nop                     | nop                     | HALT                    |
-----------------------------------------------------------------------------------------------------------------------------------
Cycle: 17
-----------------------------------------------------------------------------------------------------------------------------------
| nop                     | nop                     | nop                     | nop                     | HALT                    |
-----------------------------------------------------------------------------------------------------------------------------------
Cycle: 124
-----------------------------------------------------------------------------------------------------------------------------------
| nop                     | nop                     | nop                     | nop                     | HALT                    |
-----------------------------------------------------------------------------------------------------------------------------------
Cycle: 124
-----------------------------------------------------------------------------------------------------------------------------------
| nop                     | nop                     | nop                     | nop                     | HALT                    |
-----------------------------------------------------------------------------------------------------------------------------------
Cycle: 124
-----------------------------------------------------------------------------------------------------------------------------------
| nop                     | nop                     | nop                     | nop                     | HALT                    |
-----------------------------------------------------------------------------------------------------------------------------------
Cycle: 16
-----------------------------------------------------------------------------------------------------------------------------------
| nop                     | nop                     | nop                     | nop                     | HALT                    |
-----------------------------------------------------------------------------------------------------------------------------------
Cycle: 16
-----------------------------------------------------------------------------------------------------------------------------------
| nop                     | nop                     | nop                     | nop                     | HALT                    |
-----------------------------------------------------------------------------------------------------------------------------------
Cycle: 39
-----------------------------------------------------------------------------------------------------------------------------------
| nop                     | nop                     | nop                     | nop                     | HALT                    |
-----------------------------------------------------------------------------------------------------------------------------------
Cycle: 520
-----------------------------------------------------------------------------------------------------------------------------------
| nop                     | nop                     | nop                     | nop                     | HALT                    |
-----------------------------------------------------------------------------------------------------------------------------------
Cycle: 124
-----------------------------------------------------------------------------------------------------------------------------------
| nop                     | nop                     | nop                     | nop                     | HALT                    |
-----------------------------------------------------------------------------------------------------------------------------------
Cycle: 124
-----------------------------------------------------------------------------------------------------------------------------------
| nop                     | nop                     | nop                     | nop                     | HALT                    |
-----------------------------------------------------------------------------------------------------------------------------------
Cycle: 21
-----------------------------------------------------------------------------------------------------------------------------------
| nop                     | nop                     | nop                     | nop                     | HALT                    |
-----------------------------------------------------------------------------------------------------------------------------------
Cycle: 22
-----------------------------------------------------------------------------------------------------------------------------------
| nop                     | nop                     | nop                     | nop                     | HALT                    |
-----------------------------------------------------------------------------------------------------------------------------------
Cycle: 16
-----------------------------------------------------------------------------------------------------------------------------------
| nop                     | nop                     | nop                     | nop                     | HALT                    |
-----------------------------------------------------------------------------------------------------------------------------------
Cycle: 19
-----------------------------------------------------------------------------------------------------------------------------------
| nop                     | nop                     | nop                     | nop                     | HALT                    |
-----------------------------------------------------------------------------------------------------------------------------------
Cycle: 19
-----------------------------------------------------------------------------------------------------------------------------------
| nop                     | nop                     | nop                     | nop                     | HALT                    |
-----------------------------------------------------------------------------------------------------------------------------------
Cycle: 124
-----------------------------------------------------------------------------------------------------------------------------------
| nop                     | nop                     | nop                     | nop                     | HALT                    |
-----------------------------------------------------------------------------------------------------------------------------------
Cycle: 20
-----------------------------------------------------------------------------------------------------------------------------------
| sw $t2, 8($t0)          | add $t2, $t3, $t4       | nop                     | lw $t4, 4($t0)          | lw $t3, 0($t0)          |
-----------------------------------------------------------------------------------------------------------------------------------
Cycle: 19
-----------------------------------------------------------------------------------------------------------------------------------
| add $t2, $t3, $t4       | nop                     | lw $t4, 4($t0)          | lw $t3, 0($t0)          | addi $t1, $t5, 0xfffe   |
-----------------------------------------------------------------------------------------------------------------------------------
Cycle: 124
-----------------------------------------------------------------------------------------------------------------------------------
| nop                     | nop                     | nop                     | nop                     | HALT                    |
-----------------------------------------------------------------------------------------------------------------------------------
Cycle: 124
-----------------------------------------------------------------------------------------------------------------------------------
| nop                     | nop                     | nop                     | nop                     | HALT                    |
-----------------------------------------------------------------------------------------------------------------------------------
Cycle: 9
-----------------------------------------------------------------------------------------------------------------------------------
| sw $t2, 0($t0)          | addiu $t2, $zero, 0x1   | lw $t5, 0($t5)          | addiu $t5, $zero, 0x74  | addiu $t0, $zero, 0x44  |
-----------------------------------------------------------------------------------------------------------------------------------
Cycle: 124
-----------------------------------------------------------------------------------------------------------------------------------
| nop                     | nop                     | nop                     | nop                     | HALT                    |
-----------------------------------------------------------------------------------------------------------------------------------
