---------------------
Begin Register Values
---------------------
$at = 0x00000001

$v0 = 0x00000002
$v1 = 0x00000003

$a0 = 0x00000004
$a1 = 0x00000005
$a2 = 0x00000006
$a3 = 0x00000007

$t0 = 0x00000008
$t1 = 0x00000009
$t2 = 0x0000000a
$t3 = 0x0000000b
$t4 = 0x0000000c
$t5 = 0x0000000d
$t6 = 0x0000000e
$t7 = 0x0000000f
$t8 = 0x00000018
$t9 = 0x00000019

$s0 = 0x00000010
$s1 = 0x00000011
$s2 = 0x00000012
$s3 = 0x00000013
$s4 = 0x00000014
$s5 = 0x00000015
$s6 = 0x00000016
$s7 = 0x00000017

$k0 = 0x0000001a
$k1 = 0x0000001b

$gp = 0x0000001c
$sp = 0x0000001d
$fp = 0x0000001e
$ra = 0x0000001f
---------------------
End Register Values
---------------------
